<?xml version="1.0" encoding="UTF-8"?>
<!-- Generated by org.testng.reporters.JUnitReportReporter -->
<<<<<<< HEAD
<testsuite skipped="0" hostname="CMDMITTRN7" name="com.glance.userlogin.tests.VerifyLoginPage" tests="2" failures="0" timestamp="9 Dec 2016 13:39:48 GMT" time="9.273" errors="0">
  <testcase name="GL_login_02" time="9.185" classname="com.glance.userlogin.tests.VerifyLoginPage"/>
  <testcase name="GL_Login_01" time="0.088" classname="com.glance.userlogin.tests.VerifyLoginPage"/>
=======
<testsuite hostname="CMDABKAREEM" name="com.glance.userlogin.tests.VerifyLoginPage" tests="3" failures="0" timestamp="9 Dec 2016 11:56:20 GMT" time="8.405" errors="0">
  <testcase name="GL_login_02" time="7.038" classname="com.glance.userlogin.tests.VerifyLoginPage"/>
  <testcase name="GL_login_04" time="1.294" classname="com.glance.userlogin.tests.VerifyLoginPage"/>
  <testcase name="GL_Login_01" time="0.073" classname="com.glance.userlogin.tests.VerifyLoginPage"/>
>>>>>>> omartest
</testsuite> <!-- com.glance.userlogin.tests.VerifyLoginPage -->
