<?xml version="1.0" encoding="UTF-8"?>
<!-- Generated by org.testng.reporters.JUnitReportReporter -->
<testsuite hostname="CMDABKAREEM" name="com.glance.userlogin.tests.VerifyLockScreen" tests="2" failures="0" timestamp="9 Dec 2016 11:54:21 GMT" time="13.666" errors="0">
  <testcase name="GL_Main_08_verifyClickProfile" time="1.569" classname="com.glance.userlogin.tests.VerifyLockScreen"/>
  <testcase name="GL_Main_09_verifyPassword" time="12.097" classname="com.glance.userlogin.tests.VerifyLockScreen"/>
</testsuite> <!-- com.glance.userlogin.tests.VerifyLockScreen -->
