<?xml version="1.0" encoding="UTF-8"?>
<!-- Generated by org.testng.reporters.JUnitReportReporter -->
<testsuite skipped="1" hostname="CMDMITTRN9" name="com.glance.dashboard.tests.VerifyDeleteSearchResults" tests="1" failures="0" timestamp="7 Dec 2016 10:31:30 GMT" time="0.000" errors="0">
  <testcase name="verifyDeleteSearchResultPageSorting" time="0.000" classname="com.glance.dashboard.tests.VerifyDeleteSearchResults">
    <skipped/>
  </testcase> <!-- verifyDeleteSearchResultPageSorting -->
</testsuite> <!-- com.glance.dashboard.tests.VerifyDeleteSearchResults -->
