<?xml version="1.0" encoding="UTF-8"?>
<!-- Generated by org.testng.reporters.JUnitReportReporter -->
<testsuite skipped="0" hostname="CMDMITTRN1" name="com.glance.datamanagement.tests.VerifyDataUploadPage" tests="1" failures="0" timestamp="9 Dec 2016 06:31:46 GMT" time="1.725" errors="0">
  <testcase name="GL_Settings_DU_42_4" time="1.725" classname="com.glance.datamanagement.tests.VerifyDataUploadPage"/>
</testsuite> <!-- com.glance.datamanagement.tests.VerifyDataUploadPage -->
