<?xml version="1.0" encoding="UTF-8"?>
<!-- Generated by org.testng.reporters.JUnitReportReporter -->
<testsuite skipped="0" hostname="CMDMITTRN2" name="userlogin.VerifyLockScreen$GL_Main_09" tests="3" failures="0" timestamp="6 Dec 2016 06:32:00 GMT" time="5.967" errors="0">
  <testcase name="verifyLockScreenWrongPassword" time="1.728" classname="userlogin.VerifyLockScreen$GL_Main_09"/>
  <testcase name="verifyLockScreenWrongPassword2" time="1.428" classname="userlogin.VerifyLockScreen$GL_Main_09"/>
  <testcase name="verifyLockScreen" time="2.811" classname="userlogin.VerifyLockScreen$GL_Main_09"/>
</testsuite> <!-- userlogin.VerifyLockScreen$GL_Main_09 -->
