<?xml version="1.0" encoding="UTF-8"?>
<!-- Generated by org.testng.reporters.JUnitReportReporter -->
<testsuite hostname="CMDABKAREEM" name="com.glance.dashboard.tests.VerifyDeleteSearchResults" tests="10" failures="0" timestamp="17 Dec 2016 08:17:35 GMT" time="60067.473" errors="1">
  <testcase name="GL_Settings_DSR_29" time="1.127" classname="com.glance.dashboard.tests.VerifyDeleteSearchResults"/>
  <testcase name="GL_Settings_DSR_30" time="1.380" classname="com.glance.dashboard.tests.VerifyDeleteSearchResults"/>
  <testcase name="GL_Settings_DSR_31" time="60011.266" classname="com.glance.dashboard.tests.VerifyDeleteSearchResults"/>
  <testcase name="GL_Settings_DSR_30" time="32.026" classname="com.glance.dashboard.tests.VerifyDeleteSearchResults"/>
  <testcase name="GL_Settings_DSR_28" time="1.025" classname="com.glance.dashboard.tests.VerifyDeleteSearchResults"/>
  <testcase name="GL_Settings_DSR_30" time="1.287" classname="com.glance.dashboard.tests.VerifyDeleteSearchResults"/>
  <testcase name="GL_Settings_DSR_32" time="3.411" classname="com.glance.dashboard.tests.VerifyDeleteSearchResults">
    <error type="junit.framework.AssertionFailedError">
      <![CDATA[junit.framework.AssertionFailedError
	at junit.framework.Assert.fail(Assert.java:47)
	at junit.framework.Assert.assertTrue(Assert.java:20)
	at junit.framework.Assert.assertTrue(Assert.java:27)
	at com.glance.dashboard.tests.VerifyDeleteSearchResults.GL_Settings_DSR_32(VerifyDeleteSearchResults.java:171)
	at sun.reflect.NativeMethodAccessorImpl.invoke0(Native Method)
	at sun.reflect.NativeMethodAccessorImpl.invoke(NativeMethodAccessorImpl.java:62)
	at sun.reflect.DelegatingMethodAccessorImpl.invoke(DelegatingMethodAccessorImpl.java:43)
	at java.lang.reflect.Method.invoke(Method.java:498)
	at org.testng.internal.MethodInvocationHelper.invokeMethod(MethodInvocationHelper.java:100)
	at org.testng.internal.Invoker.invokeMethod(Invoker.java:646)
	at org.testng.internal.Invoker.invokeTestMethod(Invoker.java:811)
	at org.testng.internal.Invoker.invokeTestMethods(Invoker.java:1129)
	at org.testng.internal.TestMethodWorker.invokeTestMethods(TestMethodWorker.java:129)
	at org.testng.internal.TestMethodWorker.run(TestMethodWorker.java:112)
	at org.testng.TestRunner.privateRun(TestRunner.java:746)
	at org.testng.TestRunner.run(TestRunner.java:600)
	at org.testng.SuiteRunner.runTest(SuiteRunner.java:366)
	at org.testng.SuiteRunner.runSequentially(SuiteRunner.java:361)
	at org.testng.SuiteRunner.privateRun(SuiteRunner.java:319)
	at org.testng.SuiteRunner.run(SuiteRunner.java:268)
	at org.testng.SuiteRunnerWorker.runSuite(SuiteRunnerWorker.java:52)
	at org.testng.SuiteRunnerWorker.run(SuiteRunnerWorker.java:86)
	at org.testng.TestNG.runSuitesSequentially(TestNG.java:1264)
	at org.testng.TestNG.runSuitesLocally(TestNG.java:1189)
	at org.testng.TestNG.runSuites(TestNG.java:1104)
	at org.testng.TestNG.run(TestNG.java:1076)
	at org.testng.remote.AbstractRemoteTestNG.run(AbstractRemoteTestNG.java:126)
	at org.testng.remote.RemoteTestNG.initAndRun(RemoteTestNG.java:152)
	at org.testng.remote.RemoteTestNG.main(RemoteTestNG.java:57)
]]>
    </error>
  </testcase> <!-- GL_Settings_DSR_32 -->
  <testcase name="GL_Settings_DSR_30" time="1.718" classname="com.glance.dashboard.tests.VerifyDeleteSearchResults"/>
  <testcase name="GL_Settings_DSR_33" time="12.528" classname="com.glance.dashboard.tests.VerifyDeleteSearchResults"/>
  <testcase name="GL_Settings_DSR_34" time="1.705" classname="com.glance.dashboard.tests.VerifyDeleteSearchResults"/>
</testsuite> <!-- com.glance.dashboard.tests.VerifyDeleteSearchResults -->
