<?xml version="1.0" encoding="UTF-8"?>
<!-- Generated by org.testng.reporters.JUnitReportReporter -->
<testsuite skipped="0" hostname="CMDMITTRN2" name="com.glance.userlogin.tests.VerifyLockScreen" tests="3" failures="0" timestamp="28 Nov 2016 05:54:40 GMT" time="3.858" errors="0">
  <testcase name="verifyLockScreenWrongPassword" time="1.350" classname="com.glance.userlogin.tests.VerifyLockScreen"/>
  <testcase name="verifyLockScreen" time="1.644" classname="com.glance.userlogin.tests.VerifyLockScreen"/>
  <testcase name="verifyLockScreenWrongPassword2" time="0.864" classname="com.glance.userlogin.tests.VerifyLockScreen"/>
</testsuite> <!-- com.glance.userlogin.tests.VerifyLockScreen -->
