<?xml version="1.0" encoding="UTF-8"?>
<!-- Generated by org.testng.reporters.JUnitReportReporter -->
<testsuite skipped="0" hostname="CMDMITTRN7" name="com.glance.userlogin.tests.VerifyLostPasswordPage" tests="3" failures="0" timestamp="9 Dec 2016 13:40:36 GMT" time="11.878" errors="0">
  <testcase name="GL_Login_10" time="0.381" classname="com.glance.userlogin.tests.VerifyLostPasswordPage"/>
  <testcase name="GL_Login_11" time="11.275" classname="com.glance.userlogin.tests.VerifyLostPasswordPage"/>
  <testcase name="GL_Login_12" time="0.222" classname="com.glance.userlogin.tests.VerifyLostPasswordPage"/>
</testsuite> <!-- com.glance.userlogin.tests.VerifyLostPasswordPage -->
