<?xml version="1.0" encoding="UTF-8"?>
<!-- Generated by org.testng.reporters.JUnitReportReporter -->
<testsuite hostname="CMDABKAREEM" name="com.glance.dashboard.tests.VerifyDeleteSearch" tests="6" failures="0" timestamp="17 Dec 2016 08:17:34 GMT" time="6.842" errors="0">
  <testcase name="GL_Settings_DS_27" time="0.826" classname="com.glance.dashboard.tests.VerifyDeleteSearch"/>
  <testcase name="GL_Settings_DS_26" time="1.090" classname="com.glance.dashboard.tests.VerifyDeleteSearch"/>
  <testcase name="GL_Settings_DS_25" time="0.989" classname="com.glance.dashboard.tests.VerifyDeleteSearch"/>
  <testcase name="GL_Settings_DS_24" time="0.909" classname="com.glance.dashboard.tests.VerifyDeleteSearch"/>
  <testcase name="GL_Settings_DS_22" time="1.965" classname="com.glance.dashboard.tests.VerifyDeleteSearch"/>
  <testcase name="GL_Settings_DS_23" time="1.063" classname="com.glance.dashboard.tests.VerifyDeleteSearch"/>
</testsuite> <!-- com.glance.dashboard.tests.VerifyDeleteSearch -->
