<?xml version="1.0" encoding="UTF-8"?>
<!-- Generated by org.testng.reporters.JUnitReportReporter -->
<testsuite hostname="CMLJAMRASINGHA" name="com.glance.usermanagement.tests.ManageUser" tests="24" failures="0" timestamp="13 Dec 2016 17:25:13 GMT" time="48.215" errors="0">
  <testcase name="GL_UM_02" time="1.697" classname="com.glance.usermanagement.tests.ManageUser"/>
  <testcase name="GL_UM_08" time="1.329" classname="com.glance.usermanagement.tests.ManageUser"/>
  <testcase name="GL_UM_09_1" time="1.751" classname="com.glance.usermanagement.tests.ManageUser"/>
  <testcase name="GL_UM_02" time="1.441" classname="com.glance.usermanagement.tests.ManageUser"/>
  <testcase name="GL_UM_02" time="1.616" classname="com.glance.usermanagement.tests.ManageUser"/>
  <testcase name="GL_UM_09_1" time="1.679" classname="com.glance.usermanagement.tests.ManageUser"/>
  <testcase name="GL_UM_09_1" time="1.747" classname="com.glance.usermanagement.tests.ManageUser"/>
  <testcase name="GL_UM_08" time="1.347" classname="com.glance.usermanagement.tests.ManageUser"/>
  <testcase name="GL_UM_12" time="2.580" classname="com.glance.usermanagement.tests.ManageUser"/>
  <testcase name="GL_UM_08" time="1.223" classname="com.glance.usermanagement.tests.ManageUser"/>
  <testcase name="GL_UM_10" time="11.378" classname="com.glance.usermanagement.tests.ManageUser"/>
  <testcase name="GL_UM_02" time="1.686" classname="com.glance.usermanagement.tests.ManageUser"/>
  <testcase name="GL_UM_09_2" time="1.544" classname="com.glance.usermanagement.tests.ManageUser"/>
  <testcase name="GL_UM_12" time="1.796" classname="com.glance.usermanagement.tests.ManageUser"/>
  <testcase name="GL_UM_12" time="1.677" classname="com.glance.usermanagement.tests.ManageUser"/>
  <testcase name="GL_UM_09_2" time="1.628" classname="com.glance.usermanagement.tests.ManageUser"/>
  <testcase name="GL_UM_11" time="1.470" classname="com.glance.usermanagement.tests.ManageUser"/>
  <testcase name="GL_UM_08" time="1.258" classname="com.glance.usermanagement.tests.ManageUser"/>
  <testcase name="GL_UM_12" time="1.851" classname="com.glance.usermanagement.tests.ManageUser"/>
  <testcase name="GL_UM_02" time="1.570" classname="com.glance.usermanagement.tests.ManageUser"/>
  <testcase name="GL_UM_09_2" time="1.592" classname="com.glance.usermanagement.tests.ManageUser"/>
  <testcase name="GL_UM_09_1" time="1.627" classname="com.glance.usermanagement.tests.ManageUser"/>
  <testcase name="GL_UM_08" time="1.388" classname="com.glance.usermanagement.tests.ManageUser"/>
  <testcase name="GL_UM_08" time="1.340" classname="com.glance.usermanagement.tests.ManageUser"/>
</testsuite> <!-- com.glance.usermanagement.tests.ManageUser -->
