<?xml version="1.0" encoding="UTF-8"?>
<!-- Generated by org.testng.reporters.JUnitReportReporter -->
<testsuite skipped="0" hostname="CMDMITTRN1" name="com.glance.datamanagement.tests.VerifyDataDeleteUpdatePage" tests="1" failures="0" timestamp="6 Dec 2016 11:04:05 GMT" time="3.466" errors="0">
  <testcase name="verifyVisibleEntries" time="3.466" classname="com.glance.datamanagement.tests.VerifyDataDeleteUpdatePage"/>
</testsuite> <!-- com.glance.datamanagement.tests.VerifyDataDeleteUpdatePage -->
