<?xml version="1.0" encoding="UTF-8"?>
<!-- Generated by org.testng.reporters.JUnitReportReporter -->
<testsuite skipped="0" hostname="CMDMITTRN1" name="com.glance.datamanagement.tests.VerifyDataUploadPage" tests="1" failures="0" timestamp="8 Dec 2016 09:01:35 GMT" time="6.191" errors="0">
  <testcase name="GL_Settings_DU_42_3" time="6.191" classname="com.glance.datamanagement.tests.VerifyDataUploadPage"/>
</testsuite> <!-- com.glance.datamanagement.tests.VerifyDataUploadPage -->
