<?xml version="1.0" encoding="UTF-8"?>
<!-- Generated by org.testng.reporters.JUnitReportReporter -->
<testsuite skipped="0" hostname="CMDMITTRN1" name="com.glance.dashboard.tests.VerifyAddAccountPage" tests="3" failures="0" timestamp="25 Nov 2016 11:20:41 GMT" time="35.667" errors="0">
  <testcase name="verifyAddAccountCancel" time="31.152" classname="com.glance.dashboard.tests.VerifyAddAccountPage"/>
  <testcase name="verifyAddAccountWithLeftPane" time="1.523" classname="com.glance.dashboard.tests.VerifyAddAccountPage"/>
  <testcase name="verifyAddAccountSubmission" time="2.992" classname="com.glance.dashboard.tests.VerifyAddAccountPage"/>
</testsuite> <!-- com.glance.dashboard.tests.VerifyAddAccountPage -->
