<?xml version="1.0" encoding="UTF-8"?>
<!-- Generated by org.testng.reporters.JUnitReportReporter -->
<testsuite skipped="0" hostname="CMDMITTRN1" name="com.glance.dashboard.tests.VerifyAddAccountPage" tests="1" failures="0" timestamp="16 Dec 2016 05:33:48 GMT" time="1.421" errors="0">
  <testcase name="GL_Settings_AA_02" time="1.421" classname="com.glance.dashboard.tests.VerifyAddAccountPage"/>
</testsuite> <!-- com.glance.dashboard.tests.VerifyAddAccountPage -->
