<?xml version="1.0" encoding="UTF-8"?>
<!-- Generated by org.testng.reporters.JUnitReportReporter -->
<testsuite skipped="3" hostname="CMDMITTRN2" name="com.glance.usermanagement.tests.TestDeleteUser" tests="4" failures="0" timestamp="8 Dec 2016 07:55:25 GMT" time="0.002" errors="1">
  <testcase name="GL_Settings_MU_62_verifyGoBack" time="0.000" classname="com.glance.usermanagement.tests.TestDeleteUser">
    <skipped/>
  </testcase> <!-- GL_Settings_MU_62_verifyGoBack -->
  <testcase name="GL_Settings_MU_60_verifyDeleteUser" time="0.000" classname="com.glance.usermanagement.tests.TestDeleteUser">
    <skipped/>
  </testcase> <!-- GL_Settings_MU_60_verifyDeleteUser -->
  <testcase name="verifyGoToDeleteUserPage" time="0.000" classname="com.glance.usermanagement.tests.TestDeleteUser">
    <error type="java.lang.Error" message="Unresolved compilation problem: 
	The declared package &quot;com.glance.usermanagement.tests&quot; does not match the expected package &quot;com.glance.pageobjects.usermanagement&quot;
">
      <![CDATA[java.lang.Error: Unresolved compilation problem: 
	The declared package "com.glance.usermanagement.tests" does not match the expected package "com.glance.pageobjects.usermanagement"

	at com.glance.pageobjects.usermanagement.DeleteUser.<init>(DeleteUser.java:1)
	at com.glance.usermanagement.tests.TestDeleteUser.verifyGoToDeleteUserPage(TestDeleteUser.java:25)
	at sun.reflect.NativeMethodAccessorImpl.invoke0(Native Method)
	at sun.reflect.NativeMethodAccessorImpl.invoke(NativeMethodAccessorImpl.java:62)
	at sun.reflect.DelegatingMethodAccessorImpl.invoke(DelegatingMethodAccessorImpl.java:43)
	at java.lang.reflect.Method.invoke(Method.java:497)
	at org.testng.internal.MethodInvocationHelper.invokeMethod(MethodInvocationHelper.java:100)
	at org.testng.internal.Invoker.invokeConfigurationMethod(Invoker.java:515)
	at org.testng.internal.Invoker.invokeConfigurations(Invoker.java:216)
	at org.testng.internal.Invoker.invokeMethod(Invoker.java:590)
	at org.testng.internal.Invoker.invokeTestMethod(Invoker.java:811)
	at org.testng.internal.Invoker.invokeTestMethods(Invoker.java:1137)
	at org.testng.internal.TestMethodWorker.invokeTestMethods(TestMethodWorker.java:129)
	at org.testng.internal.TestMethodWorker.run(TestMethodWorker.java:112)
	at org.testng.TestRunner.privateRun(TestRunner.java:753)
	at org.testng.TestRunner.run(TestRunner.java:607)
	at org.testng.SuiteRunner.runTest(SuiteRunner.java:368)
	at org.testng.SuiteRunner.runSequentially(SuiteRunner.java:363)
	at org.testng.SuiteRunner.privateRun(SuiteRunner.java:321)
	at org.testng.SuiteRunner.run(SuiteRunner.java:270)
	at org.testng.SuiteRunnerWorker.runSuite(SuiteRunnerWorker.java:52)
	at org.testng.SuiteRunnerWorker.run(SuiteRunnerWorker.java:86)
	at org.testng.TestNG.runSuitesSequentially(TestNG.java:1284)
	at org.testng.TestNG.runSuitesLocally(TestNG.java:1209)
	at org.testng.TestNG.runSuites(TestNG.java:1124)
	at org.testng.TestNG.run(TestNG.java:1096)
	at org.testng.remote.AbstractRemoteTestNG.run(AbstractRemoteTestNG.java:132)
	at org.testng.remote.RemoteTestNG.initAndRun(RemoteTestNG.java:236)
	at org.testng.remote.RemoteTestNG.main(RemoteTestNG.java:81)
]]>
    </error>
  </testcase> <!-- verifyGoToDeleteUserPage -->
  <testcase name="GL_Settings_MU_61_verifyCancelDeleteUser" time="0.002" classname="com.glance.usermanagement.tests.TestDeleteUser">
    <skipped/>
  </testcase> <!-- GL_Settings_MU_61_verifyCancelDeleteUser -->
</testsuite> <!-- com.glance.usermanagement.tests.TestDeleteUser -->
