<?xml version="1.0" encoding="UTF-8"?>
<!-- Generated by org.testng.reporters.JUnitReportReporter -->
<testsuite skipped="0" hostname="CMDMITTRN7" name="userlogin.VerifyLostPasswordPage" tests="4" failures="0" timestamp="6 Dec 2016 11:59:59 GMT" time="2.558" errors="0">
  <testcase name="GL_Login_12" time="1.315" classname="userlogin.VerifyLostPasswordPage"/>
  <testcase name="GL_Login_13" time="0.221" classname="userlogin.VerifyLostPasswordPage"/>
  <testcase name="GL_Login_11" time="0.601" classname="userlogin.VerifyLostPasswordPage"/>
  <testcase name="GL_Login_15" time="0.421" classname="userlogin.VerifyLostPasswordPage"/>
</testsuite> <!-- userlogin.VerifyLostPasswordPage -->
