<?xml version="1.0" encoding="UTF-8"?>
<!-- Generated by org.testng.reporters.JUnitReportReporter -->
<testsuite hostname="CMDMITTRN11" name="com.glance.usermanagement.tests.VerifyManageGroup" tests="7" failures="0" timestamp="8 Dec 2016 11:41:23 GMT" time="100.829" errors="0">
  <testcase name="GL_Settings_MG_86" time="34.942" classname="com.glance.usermanagement.tests.VerifyManageGroup"/>
  <testcase name="GL_Settings_MG_80" time="15.185" classname="com.glance.usermanagement.tests.VerifyManageGroup"/>
  <testcase name="GL_Settings_MG_82" time="5.249" classname="com.glance.usermanagement.tests.VerifyManageGroup"/>
  <testcase name="GL_Settings_MG_83" time="7.035" classname="com.glance.usermanagement.tests.VerifyManageGroup"/>
  <testcase name="GL_Settings_MG_81" time="19.988" classname="com.glance.usermanagement.tests.VerifyManageGroup"/>
  <testcase name="GL_Settings_MG_84" time="11.401" classname="com.glance.usermanagement.tests.VerifyManageGroup"/>
  <testcase name="GL_Settings_MG_85" time="7.029" classname="com.glance.usermanagement.tests.VerifyManageGroup"/>
</testsuite> <!-- com.glance.usermanagement.tests.VerifyManageGroup -->
