<?xml version="1.0" encoding="UTF-8"?>
<!-- Generated by org.testng.reporters.JUnitReportReporter -->
<testsuite skipped="0" hostname="CMDMITTRN1" name="com.glance.datamanagement.tests.VerifyDataUploadPage" tests="1" failures="0" timestamp="25 Nov 2016 11:17:07 GMT" time="2.042" errors="0">
  <testcase name="verifyDataUploading" time="2.042" classname="com.glance.datamanagement.tests.VerifyDataUploadPage"/>
</testsuite> <!-- com.glance.datamanagement.tests.VerifyDataUploadPage -->
