<?xml version="1.0" encoding="UTF-8"?>
<!-- Generated by org.testng.reporters.JUnitReportReporter -->
<testsuite hostname="CMDABKAREEM" name="com.glance.usermanagement.tests.TestEditUser" tests="7" failures="0" timestamp="17 Dec 2016 08:17:35 GMT" time="752.769" errors="0">
  <testcase name="GL_Settings_MU_61_verifyCancelDeleteUser" time="116.405" classname="com.glance.usermanagement.tests.TestEditUser"/>
  <testcase name="GL_Settings_MU_60_verifyDeleteUser" time="113.622" classname="com.glance.usermanagement.tests.TestEditUser"/>
  <testcase name="GL_Settings_MU_58_1_verifyEditUser" time="130.500" classname="com.glance.usermanagement.tests.TestEditUser"/>
  <testcase name="GL_Settings_MU_58_2_checkUserNameValidation" time="126.562" classname="com.glance.usermanagement.tests.TestEditUser"/>
  <testcase name="GL_Settings_MU_62_verifyGoBackFromDeleteUser" time="126.252" classname="com.glance.usermanagement.tests.TestEditUser"/>
  <testcase name="GL_Settings_MU_59_cancelEditPage" time="121.540" classname="com.glance.usermanagement.tests.TestEditUser"/>
  <testcase name="GL_Settings_MU_58_3_checkEmailValidation" time="17.888" classname="com.glance.usermanagement.tests.TestEditUser"/>
</testsuite> <!-- com.glance.usermanagement.tests.TestEditUser -->
