<?xml version="1.0" encoding="UTF-8"?>
<!-- Generated by org.testng.reporters.JUnitReportReporter -->
<testsuite skipped="0" hostname="CMDMITTRN2" name="userlogin.VerifyLockScreen$GL_Main_08" tests="1" failures="0" timestamp="5 Dec 2016 10:07:06 GMT" time="2.923" errors="0">
  <testcase name="verifyClickProfilePic" time="2.923" classname="userlogin.VerifyLockScreen$GL_Main_08"/>
</testsuite> <!-- userlogin.VerifyLockScreen$GL_Main_08 -->
