<?xml version="1.0" encoding="UTF-8"?>
<!-- Generated by org.testng.reporters.JUnitReportReporter -->
<testsuite skipped="0" hostname="CMDMITTRN7" name="userlogin.VerifyLostPasswordPage$GL_Login_13" tests="1" failures="0" timestamp="5 Dec 2016 06:39:57 GMT" time="0.427" errors="0">
  <testcase name="verifyLostPasswordBack" time="0.427" classname="userlogin.VerifyLostPasswordPage$GL_Login_13"/>
</testsuite> <!-- userlogin.VerifyLostPasswordPage$GL_Login_13 -->
