<?xml version="1.0" encoding="UTF-8"?>
<!-- Generated by org.testng.reporters.JUnitReportReporter -->
<testsuite skipped="0" hostname="CMDMITTRN2" name="userlogin.VerifySettingsPage" tests="1" failures="0" timestamp="7 Dec 2016 06:08:49 GMT" time="5.815" errors="0">
  <testcase name="verifySettingsPage" time="5.815" classname="userlogin.VerifySettingsPage"/>
</testsuite> <!-- userlogin.VerifySettingsPage -->
