<?xml version="1.0" encoding="UTF-8"?>
<!-- Generated by org.testng.reporters.JUnitReportReporter -->
<testsuite skipped="0" hostname="CMDMITTRN1" name="com.glance.dashboard.tests.VerifyAddAccountPage" tests="1" failures="0" timestamp="8 Dec 2016 06:29:26 GMT" time="1.878" errors="0">
  <testcase name="GL_Settings_AA_03_3" time="1.878" classname="com.glance.dashboard.tests.VerifyAddAccountPage"/>
</testsuite> <!-- com.glance.dashboard.tests.VerifyAddAccountPage -->
