<?xml version="1.0" encoding="UTF-8"?>
<!-- Generated by org.testng.reporters.JUnitReportReporter -->
<testsuite hostname="CMDMITTRN11" name="com.glance.commonPage.tests.VerifyCommonPageLeftPane" tests="1" failures="0" timestamp="8 Dec 2016 10:51:48 GMT" time="8.386" errors="0">
  <testcase name="GL_Main_21" time="8.386" classname="com.glance.commonPage.tests.VerifyCommonPageLeftPane"/>
</testsuite> <!-- com.glance.commonPage.tests.VerifyCommonPageLeftPane -->
