<?xml version="1.0" encoding="UTF-8"?>
<!-- Generated by org.testng.reporters.JUnitReportReporter -->
<testsuite skipped="0" hostname="CMDMITTRN2" name="com.glance.userlogin.tests.VerifySettingsPage" tests="1" failures="0" timestamp="25 Nov 2016 09:12:04 GMT" time="6.437" errors="0">
  <testcase name="verifySettingsPage" time="6.437" classname="com.glance.userlogin.tests.VerifySettingsPage"/>
</testsuite> <!-- com.glance.userlogin.tests.VerifySettingsPage -->
