<?xml version="1.0" encoding="UTF-8"?>
<!-- Generated by org.testng.reporters.JUnitReportReporter -->
<testsuite hostname="CMDABKAREEM" name="com.glance.dashboard.tests.VerifyAddEngagement" tests="7" failures="0" timestamp="17 Dec 2016 08:17:34 GMT" time="10026.745" errors="0">
  <testcase name="GL_Settings_AE_09" time="5.669" classname="com.glance.dashboard.tests.VerifyAddEngagement"/>
  <testcase name="GL_Settings_AE_11_verify1" time="5.729" classname="com.glance.dashboard.tests.VerifyAddEngagement"/>
  <testcase name="GL_Settings_AE_10" time="5.998" classname="com.glance.dashboard.tests.VerifyAddEngagement"/>
  <testcase name="GL_Settings_AE_12" time="1.431" classname="com.glance.dashboard.tests.VerifyAddEngagement"/>
  <testcase name="GL_Settings_AE_11_verify2" time="10003.810" classname="com.glance.dashboard.tests.VerifyAddEngagement"/>
  <testcase name="GL_Settings_AE_13" time="1.246" classname="com.glance.dashboard.tests.VerifyAddEngagement"/>
  <testcase name="GL_Settings_AE_11" time="2.862" classname="com.glance.dashboard.tests.VerifyAddEngagement"/>
</testsuite> <!-- com.glance.dashboard.tests.VerifyAddEngagement -->
