<?xml version="1.0" encoding="UTF-8"?>
<!-- Generated by org.testng.reporters.JUnitReportReporter -->
<testsuite skipped="0" hostname="CMDMITTRN7" name="userlogin.VerifyProfileUpdatePage$GL_Settings_06" tests="1" failures="0" timestamp="5 Dec 2016 12:25:04 GMT" time="32.343" errors="0">
  <testcase name="verifyValidjobRoleChange1" time="32.343" classname="userlogin.VerifyProfileUpdatePage$GL_Settings_06"/>
</testsuite> <!-- userlogin.VerifyProfileUpdatePage$GL_Settings_06 -->
