<?xml version="1.0" encoding="UTF-8"?>
<!-- Generated by org.testng.reporters.JUnitReportReporter -->
<testsuite hostname="CMDABKAREEM" name="com.glance.usermanagement.tests.TestGroupMembership" tests="7" failures="0" timestamp="17 Dec 2016 08:17:35 GMT" time="775.190" errors="0">
  <testcase name="verifyCancelAddGroupMembership" time="113.847" classname="com.glance.usermanagement.tests.TestGroupMembership"/>
  <testcase name="GL_Settings_GM_70_verifyAddGroupMembershipWithEmptyFields" time="123.972" classname="com.glance.usermanagement.tests.TestGroupMembership"/>
  <testcase name="GL_Settings_GM_74_verifyCancelDelete" time="129.145" classname="com.glance.usermanagement.tests.TestGroupMembership"/>
  <testcase name="GL_Settings_GM_72_viewMembers" time="114.040" classname="com.glance.usermanagement.tests.TestGroupMembership"/>
  <testcase name="GL_Settings_GM_73_verifyDeleteGroupMembership" time="129.222" classname="com.glance.usermanagement.tests.TestGroupMembership"/>
  <testcase name="GL_Settings_GM_71_verifyAddDuplicateEntries" time="12.834" classname="com.glance.usermanagement.tests.TestGroupMembership"/>
  <testcase name="GL_Settings_GM_69_verifyAddGroupMembership" time="152.130" classname="com.glance.usermanagement.tests.TestGroupMembership"/>
</testsuite> <!-- com.glance.usermanagement.tests.TestGroupMembership -->
