<?xml version="1.0" encoding="UTF-8"?>
<!-- Generated by org.testng.reporters.JUnitReportReporter -->
<testsuite hostname="CMLJAMRASINGHA" name="com.glance.usermanagement.tests.ManageUser" tests="6" failures="0" timestamp="13 Dec 2016 14:16:24 GMT" time="245.896" errors="0">
  <testcase name="GL_UM_08" time="3.463" classname="com.glance.usermanagement.tests.ManageUser"/>
  <testcase name="GL_UM_08" time="16.028" classname="com.glance.usermanagement.tests.ManageUser"/>
  <testcase name="GL_UM_08" time="9.063" classname="com.glance.usermanagement.tests.ManageUser"/>
  <testcase name="GL_UM_08" time="199.080" classname="com.glance.usermanagement.tests.ManageUser"/>
  <testcase name="GL_UM_08" time="13.367" classname="com.glance.usermanagement.tests.ManageUser"/>
  <testcase name="GL_UM_08" time="4.895" classname="com.glance.usermanagement.tests.ManageUser"/>
</testsuite> <!-- com.glance.usermanagement.tests.ManageUser -->
