<?xml version="1.0" encoding="UTF-8"?>
<!-- Generated by org.testng.reporters.JUnitReportReporter -->
<testsuite skipped="0" hostname="CMDMITTRN1" name="com.glance.dashboard.tests.VerifyAddAccountPage" tests="1" failures="0" timestamp="9 Dec 2016 06:14:35 GMT" time="2.465" errors="0">
  <testcase name="GL_Settings_AA_07" time="2.465" classname="com.glance.dashboard.tests.VerifyAddAccountPage"/>
</testsuite> <!-- com.glance.dashboard.tests.VerifyAddAccountPage -->
