<?xml version="1.0" encoding="UTF-8"?>
<!-- Generated by org.testng.reporters.JUnitReportReporter -->
<testsuite skipped="0" hostname="CMDMITTRN7" name="userlogin.VerifyProfileUpdatePage$GL_Settings_01" tests="1" failures="0" timestamp="5 Dec 2016 09:47:49 GMT" time="1.967" errors="0">
  <testcase name="verifynavigationProfileUpdatePage" time="1.967" classname="userlogin.VerifyProfileUpdatePage$GL_Settings_01"/>
</testsuite> <!-- userlogin.VerifyProfileUpdatePage$GL_Settings_01 -->
