<?xml version="1.0" encoding="UTF-8"?>
<!-- Generated by org.testng.reporters.JUnitReportReporter -->
<testsuite skipped="0" hostname="CMDMITTRN2" name="userlogin.VerifyLockScreen$GL_Main_09" tests="3" failures="0" timestamp="5 Dec 2016 10:07:06 GMT" time="3.921" errors="0">
  <testcase name="verifyLockScreenWrongPassword" time="1.283" classname="userlogin.VerifyLockScreen$GL_Main_09"/>
  <testcase name="verifyLockScreenWrongPassword2" time="0.981" classname="userlogin.VerifyLockScreen$GL_Main_09"/>
  <testcase name="verifyLockScreen" time="1.657" classname="userlogin.VerifyLockScreen$GL_Main_09"/>
</testsuite> <!-- userlogin.VerifyLockScreen$GL_Main_09 -->
