<?xml version="1.0" encoding="UTF-8"?>
<!-- Generated by org.testng.reporters.JUnitReportReporter -->
<testsuite hostname="CMDABKAREEM" name="com.glance.usermanagement.tests.TestManageAccess" tests="3" failures="0" timestamp="17 Dec 2016 08:17:35 GMT" time="129.373" errors="0">
  <testcase name="GL_Settings_MA_77_testGiveAccessWithEmptyFields" time="32.474" classname="com.glance.usermanagement.tests.TestManageAccess"/>
  <testcase name="GL_Settings_MA_78_cancelManageAccess" time="32.780" classname="com.glance.usermanagement.tests.TestManageAccess"/>
  <testcase name="GL_Settings_MA_76_testGiveAccess" time="64.119" classname="com.glance.usermanagement.tests.TestManageAccess"/>
</testsuite> <!-- com.glance.usermanagement.tests.TestManageAccess -->
