<?xml version="1.0" encoding="UTF-8"?>
<!-- Generated by org.testng.reporters.JUnitReportReporter -->
<testsuite hostname="CMDABKAREEM" name="com.glance.usermanagement.tests.TestManageAccess" tests="3" failures="0" timestamp="9 Dec 2016 11:45:12 GMT" time="230.943" errors="0">
  <testcase name="GL_Settings_MA_76_testGiveAccess" time="167.346" classname="com.glance.usermanagement.tests.TestManageAccess"/>
  <testcase name="GL_Settings_MA_77_testGiveAccessWithEmptyFields" time="61.569" classname="com.glance.usermanagement.tests.TestManageAccess"/>
  <testcase name="GL_Settings_MA_78_cancelManageAccess" time="2.028" classname="com.glance.usermanagement.tests.TestManageAccess"/>
</testsuite> <!-- com.glance.usermanagement.tests.TestManageAccess -->
