<?xml version="1.0" encoding="UTF-8"?>
<!-- Generated by org.testng.reporters.JUnitReportReporter -->
<testsuite hostname="CMDABKAREEM" name="com.glance.usermanagement.tests.TestEditUser" tests="7" failures="0" timestamp="9 Dec 2016 10:27:29 GMT" time="755.140" errors="0">
  <testcase name="GL_Settings_MU_61_verifyCancelDeleteUser" time="116.551" classname="com.glance.usermanagement.tests.TestEditUser"/>
  <testcase name="GL_Settings_MU_60_verifyDeleteUser" time="113.859" classname="com.glance.usermanagement.tests.TestEditUser"/>
  <testcase name="GL_Settings_MU_58_3_checkEmailValidation" time="127.374" classname="com.glance.usermanagement.tests.TestEditUser"/>
  <testcase name="GL_Settings_MU_58_2_checkUserNameValidation" time="126.944" classname="com.glance.usermanagement.tests.TestEditUser"/>
  <testcase name="GL_Settings_MU_58_1_verifyEditUser" time="22.316" classname="com.glance.usermanagement.tests.TestEditUser"/>
  <testcase name="GL_Settings_MU_62_verifyGoBackFromDeleteUser" time="126.394" classname="com.glance.usermanagement.tests.TestEditUser"/>
  <testcase name="GL_Settings_MU_59_cancelEditPage" time="121.702" classname="com.glance.usermanagement.tests.TestEditUser"/>
</testsuite> <!-- com.glance.usermanagement.tests.TestEditUser -->
