<?xml version="1.0" encoding="UTF-8"?>
<!-- Generated by org.testng.reporters.JUnitReportReporter -->
<testsuite skipped="0" hostname="CMDMITTRN2" name="com.glance.dashboard.tests.VerifyAddProject" tests="3" failures="0" timestamp="6 Dec 2016 06:39:01 GMT" time="6.661" errors="0">
  <testcase name="verifyAddProjectCancel" time="1.474" classname="com.glance.dashboard.tests.VerifyAddProject"/>
  <testcase name="verifyAddProject" time="3.372" classname="com.glance.dashboard.tests.VerifyAddProject"/>
  <testcase name="verifyAddProjectLeftPanal" time="1.815" classname="com.glance.dashboard.tests.VerifyAddProject"/>
</testsuite> <!-- com.glance.dashboard.tests.VerifyAddProject -->
