<?xml version="1.0" encoding="UTF-8"?>
<!-- Generated by org.testng.reporters.JUnitReportReporter -->
<testsuite skipped="0" hostname="CMDMITTRN7" name="userlogin.VerifyLoginPage$GL_login_02" tests="3" failures="0" timestamp="6 Dec 2016 10:50:44 GMT" time="6.851" errors="0">
  <testcase name="verifyValidLogin" time="2.354" classname="userlogin.VerifyLoginPage$GL_login_02"/>
  <testcase name="verifyInvalidUNLogin" time="2.278" classname="userlogin.VerifyLoginPage$GL_login_02"/>
  <testcase name="verifyInvalidPSWLogin" time="2.219" classname="userlogin.VerifyLoginPage$GL_login_02"/>
</testsuite> <!-- userlogin.VerifyLoginPage$GL_login_02 -->
