<?xml version="1.0" encoding="UTF-8"?>
<!-- Generated by org.testng.reporters.JUnitReportReporter -->
<testsuite skipped="0" hostname="CMDMITTRN2" name="userlogin.VerifyLockScreen" tests="2" failures="0" timestamp="8 Dec 2016 07:06:42 GMT" time="14.537" errors="0">
  <testcase name="GL_Main_08_verifyClickProfile" time="2.513" classname="userlogin.VerifyLockScreen"/>
  <testcase name="GL_Main_09_verifyPassword" time="12.024" classname="userlogin.VerifyLockScreen"/>
</testsuite> <!-- userlogin.VerifyLockScreen -->
