<?xml version="1.0" encoding="UTF-8"?>
<!-- Generated by org.testng.reporters.JUnitReportReporter -->
<testsuite hostname="CMDABKAREEM" name="com.glance.dashboard.tests.VerifyAddProject" tests="5" failures="0" timestamp="17 Dec 2016 08:17:35 GMT" time="54.789" errors="0">
  <testcase name="GL_Settings_AP_15_verifyAddProjectNavigation" time="5.875" classname="com.glance.dashboard.tests.VerifyAddProject"/>
  <testcase name="GL_Settings_AP_19_verifyCancelAddProject" time="21.779" classname="com.glance.dashboard.tests.VerifyAddProject"/>
  <testcase name="GL_Settings_AP_16_verifyAddProject" time="2.866" classname="com.glance.dashboard.tests.VerifyAddProject"/>
  <testcase name="GL_Settings_AP_17_verifyAddProjectSubmission" time="2.006" classname="com.glance.dashboard.tests.VerifyAddProject"/>
  <testcase name="GL_Settings_AP_18_verifyAddedProjectValidation" time="22.263" classname="com.glance.dashboard.tests.VerifyAddProject"/>
</testsuite> <!-- com.glance.dashboard.tests.VerifyAddProject -->
