<?xml version="1.0" encoding="UTF-8"?>
<!-- Generated by org.testng.reporters.JUnitReportReporter -->
<testsuite hostname="CMDABKAREEM" name="com.glance.dashboard.tests.VerifyAddElementWizard" tests="3" failures="0" timestamp="9 Dec 2016 10:04:29 GMT" time="219.453" errors="0">
  <testcase name="TC01_verifyAddNewDashboardElement" time="53.406" classname="com.glance.dashboard.tests.VerifyAddElementWizard"/>
  <testcase name="TC01_verifyAddNewDashboardElement" time="83.016" classname="com.glance.dashboard.tests.VerifyAddElementWizard"/>
  <testcase name="TC01_verifyAddNewDashboardElement" time="83.031" classname="com.glance.dashboard.tests.VerifyAddElementWizard"/>
</testsuite> <!-- com.glance.dashboard.tests.VerifyAddElementWizard -->
