<?xml version="1.0" encoding="UTF-8"?>
<!-- Generated by org.testng.reporters.JUnitReportReporter -->
<testsuite hostname="CMDMITTRN11" name="com.glance.commonPage.tests.VerifyCommonPageTopPane" tests="13" failures="1" timestamp="8 Dec 2016 11:53:16 GMT" time="388.400" errors="0">
  <testcase name="GL_Main_27" time="6.245" classname="com.glance.commonPage.tests.VerifyCommonPageTopPane"/>
  <testcase name="GL_Main_29" time="34.352" classname="com.glance.commonPage.tests.VerifyCommonPageTopPane"/>
  <testcase name="GL_Main_32" time="34.582" classname="com.glance.commonPage.tests.VerifyCommonPageTopPane"/>
  <testcase name="GL_Main_30" time="34.323" classname="com.glance.commonPage.tests.VerifyCommonPageTopPane"/>
  <testcase name="GL_Main_31" time="34.702" classname="com.glance.commonPage.tests.VerifyCommonPageTopPane"/>
  <testcase name="GL_Main_33" time="34.270" classname="com.glance.commonPage.tests.VerifyCommonPageTopPane">
    <failure type="java.lang.AssertionError" message="expected [true] but found [false]">
      <![CDATA[java.lang.AssertionError: expected [true] but found [false]
	at org.testng.Assert.fail(Assert.java:94)
	at org.testng.Assert.failNotEquals(Assert.java:513)
	at org.testng.Assert.assertTrue(Assert.java:42)
	at org.testng.Assert.assertTrue(Assert.java:52)
	at com.glance.commonPage.tests.VerifyCommonPageTopPane.GL_Main_33(VerifyCommonPageTopPane.java:267)
	at sun.reflect.NativeMethodAccessorImpl.invoke0(Native Method)
	at sun.reflect.NativeMethodAccessorImpl.invoke(Unknown Source)
	at sun.reflect.DelegatingMethodAccessorImpl.invoke(Unknown Source)
	at java.lang.reflect.Method.invoke(Unknown Source)
	at org.testng.internal.MethodInvocationHelper.invokeMethod(MethodInvocationHelper.java:100)
	at org.testng.internal.Invoker.invokeMethod(Invoker.java:646)
	at org.testng.internal.Invoker.invokeTestMethod(Invoker.java:811)
	at org.testng.internal.Invoker.invokeTestMethods(Invoker.java:1129)
	at org.testng.internal.TestMethodWorker.invokeTestMethods(TestMethodWorker.java:129)
	at org.testng.internal.TestMethodWorker.run(TestMethodWorker.java:112)
	at org.testng.TestRunner.privateRun(TestRunner.java:746)
	at org.testng.TestRunner.run(TestRunner.java:600)
	at org.testng.SuiteRunner.runTest(SuiteRunner.java:366)
	at org.testng.SuiteRunner.runSequentially(SuiteRunner.java:361)
	at org.testng.SuiteRunner.privateRun(SuiteRunner.java:319)
	at org.testng.SuiteRunner.run(SuiteRunner.java:268)
	at org.testng.SuiteRunnerWorker.runSuite(SuiteRunnerWorker.java:52)
	at org.testng.SuiteRunnerWorker.run(SuiteRunnerWorker.java:86)
	at org.testng.TestNG.runSuitesSequentially(TestNG.java:1264)
	at org.testng.TestNG.runSuitesLocally(TestNG.java:1189)
	at org.testng.TestNG.runSuites(TestNG.java:1104)
	at org.testng.TestNG.run(TestNG.java:1076)
	at org.testng.remote.AbstractRemoteTestNG.run(AbstractRemoteTestNG.java:126)
	at org.testng.remote.RemoteTestNG.initAndRun(RemoteTestNG.java:152)
	at org.testng.remote.RemoteTestNG.main(RemoteTestNG.java:57)
]]>
    </failure>
  </testcase> <!-- GL_Main_33 -->
  <testcase name="GL_Main_28" time="34.317" classname="com.glance.commonPage.tests.VerifyCommonPageTopPane"/>
  <testcase name="GL_Main_34" time="34.235" classname="com.glance.commonPage.tests.VerifyCommonPageTopPane"/>
  <testcase name="GL_Main_22" time="8.733" classname="com.glance.commonPage.tests.VerifyCommonPageTopPane"/>
  <testcase name="GL_Main_25" time="36.848" classname="com.glance.commonPage.tests.VerifyCommonPageTopPane"/>
  <testcase name="GL_Main_23" time="32.376" classname="com.glance.commonPage.tests.VerifyCommonPageTopPane"/>
  <testcase name="GL_Main_24" time="31.639" classname="com.glance.commonPage.tests.VerifyCommonPageTopPane"/>
  <testcase name="GL_Main_26" time="31.778" classname="com.glance.commonPage.tests.VerifyCommonPageTopPane"/>
</testsuite> <!-- com.glance.commonPage.tests.VerifyCommonPageTopPane -->
