<?xml version="1.0" encoding="UTF-8"?>
<!-- Generated by org.testng.reporters.JUnitReportReporter -->
<testsuite hostname="CMDABKAREEM" name="com.glance.usermanagement.tests.TestGroupMembership" tests="7" failures="0" timestamp="9 Dec 2016 11:28:25 GMT" time="776.541" errors="0">
  <testcase name="GL_Settings_GM_72_viewMembers" time="4.469" classname="com.glance.usermanagement.tests.TestGroupMembership"/>
  <testcase name="GL_Settings_GM_70_verifyAddGroupMembershipWithEmptyFields" time="124.054" classname="com.glance.usermanagement.tests.TestGroupMembership"/>
  <testcase name="GL_Settings_GM_74_verifyCancelDelete" time="129.293" classname="com.glance.usermanagement.tests.TestGroupMembership"/>
  <testcase name="GL_Settings_GM_69_verifyAddGroupMembership" time="152.821" classname="com.glance.usermanagement.tests.TestGroupMembership"/>
  <testcase name="verifyCancelAddGroupMembership" time="114.022" classname="com.glance.usermanagement.tests.TestGroupMembership"/>
  <testcase name="GL_Settings_GM_73_verifyDeleteGroupMembership" time="129.336" classname="com.glance.usermanagement.tests.TestGroupMembership"/>
  <testcase name="GL_Settings_GM_71_verifyAddDuplicateEntries" time="122.546" classname="com.glance.usermanagement.tests.TestGroupMembership"/>
</testsuite> <!-- com.glance.usermanagement.tests.TestGroupMembership -->
