<?xml version="1.0" encoding="UTF-8"?>
<!-- Generated by org.testng.reporters.JUnitReportReporter -->
<testsuite skipped="0" hostname="CMDMITTRN2" name="userlogin.VerifyLockScreen" tests="2" failures="0" timestamp="7 Dec 2016 04:39:51 GMT" time="13.354" errors="0">
  <testcase name="GL_Main_08_verifyClickProfile" time="1.686" classname="userlogin.VerifyLockScreen"/>
  <testcase name="GL_Main_09_verifyPassword" time="11.668" classname="userlogin.VerifyLockScreen"/>
</testsuite> <!-- userlogin.VerifyLockScreen -->
