<?xml version="1.0" encoding="UTF-8"?>
<!-- Generated by org.testng.reporters.JUnitReportReporter -->
<testsuite skipped="0" hostname="CMDMITTRN7" name="com.glance.userlogin.tests.VerifyCreateAccountPage" tests="5" failures="0" timestamp="9 Dec 2016 13:45:54 GMT" time="283.565" errors="0">
  <testcase name="GL_Login_05" time="193.721" classname="com.glance.userlogin.tests.VerifyCreateAccountPage"/>
  <testcase name="GL_Login_04" time="20.252" classname="com.glance.userlogin.tests.VerifyCreateAccountPage"/>
  <testcase name="GL_Login_06" time="20.662" classname="com.glance.userlogin.tests.VerifyCreateAccountPage"/>
  <testcase name="GL_Login_08" time="41.548" classname="com.glance.userlogin.tests.VerifyCreateAccountPage"/>
  <testcase name="GL_Login_07" time="7.382" classname="com.glance.userlogin.tests.VerifyCreateAccountPage"/>
</testsuite> <!-- com.glance.userlogin.tests.VerifyCreateAccountPage -->
