<?xml version="1.0" encoding="UTF-8"?>
<!-- Generated by org.testng.reporters.JUnitReportReporter -->
<testsuite skipped="0" hostname="CMDMITTRN2" name="com.glance.dashboard.tests.VerifyAddProject" tests="3" failures="0" timestamp="5 Dec 2016 10:05:41 GMT" time="7.262" errors="0">
  <testcase name="verifyAddProjectCancel" time="1.490" classname="com.glance.dashboard.tests.VerifyAddProject"/>
  <testcase name="verifyAddProject" time="3.849" classname="com.glance.dashboard.tests.VerifyAddProject"/>
  <testcase name="verifyAddProjectLeftPanal" time="1.923" classname="com.glance.dashboard.tests.VerifyAddProject"/>
</testsuite> <!-- com.glance.dashboard.tests.VerifyAddProject -->
