<?xml version="1.0" encoding="UTF-8"?>
<!-- Generated by org.testng.reporters.JUnitReportReporter -->
<testsuite skipped="0" hostname="CMDMITTRN1" name="com.glance.datamanagement.tests.VerifyAddSocketDetailsPage" tests="1" failures="0" timestamp="28 Nov 2016 06:05:40 GMT" time="2.258" errors="0">
  <testcase name="verifyAddSocketCancel" time="2.258" classname="com.glance.datamanagement.tests.VerifyAddSocketDetailsPage"/>
</testsuite> <!-- com.glance.datamanagement.tests.VerifyAddSocketDetailsPage -->
