<?xml version="1.0" encoding="UTF-8"?>
<!-- Generated by org.testng.reporters.JUnitReportReporter -->
<testsuite skipped="0" hostname="CMDMITTRN7" name="userlogin.VerifyLoginPage$GL_Login_01" tests="1" failures="0" timestamp="6 Dec 2016 10:50:44 GMT" time="0.067" errors="0">
  <testcase name="verifyNavigationLoginPage" time="0.067" classname="userlogin.VerifyLoginPage$GL_Login_01"/>
</testsuite> <!-- userlogin.VerifyLoginPage$GL_Login_01 -->
