<?xml version="1.0" encoding="UTF-8"?>
<!-- Generated by org.testng.reporters.JUnitReportReporter -->
<testsuite hostname="CMDMITTRN11" name="com.glance.commonPage.tests.VerifyCommonPageLeftPane" tests="15" failures="1" timestamp="9 Dec 2016 08:39:59 GMT" time="98.255" errors="0">
  <testcase name="GL_Main_10" time="1.691" classname="com.glance.commonPage.tests.VerifyCommonPageLeftPane"/>
  <testcase name="GL_Main_02" time="2.571" classname="com.glance.commonPage.tests.VerifyCommonPageLeftPane"/>
  <testcase name="GL_Main_03" time="0.494" classname="com.glance.commonPage.tests.VerifyCommonPageLeftPane"/>
  <testcase name="GL_Main_03_Sub" time="0.531" classname="com.glance.commonPage.tests.VerifyCommonPageLeftPane"/>
  <testcase name="GL_Main_18" time="5.464" classname="com.glance.commonPage.tests.VerifyCommonPageLeftPane"/>
  <testcase name="GL_Main_20" time="23.352" classname="com.glance.commonPage.tests.VerifyCommonPageLeftPane"/>
  <testcase name="GL_Main_21" time="7.800" classname="com.glance.commonPage.tests.VerifyCommonPageLeftPane">
    <failure type="java.lang.AssertionError" message="expected [true] but found [false]">
      <![CDATA[java.lang.AssertionError: expected [true] but found [false]
	at org.testng.Assert.fail(Assert.java:94)
	at org.testng.Assert.failNotEquals(Assert.java:513)
	at org.testng.Assert.assertTrue(Assert.java:42)
	at org.testng.Assert.assertTrue(Assert.java:52)
	at com.glance.commonPage.tests.VerifyCommonPageLeftPane.GL_Main_21(VerifyCommonPageLeftPane.java:338)
	at sun.reflect.NativeMethodAccessorImpl.invoke0(Native Method)
	at sun.reflect.NativeMethodAccessorImpl.invoke(Unknown Source)
	at sun.reflect.DelegatingMethodAccessorImpl.invoke(Unknown Source)
	at java.lang.reflect.Method.invoke(Unknown Source)
	at org.testng.internal.MethodInvocationHelper.invokeMethod(MethodInvocationHelper.java:100)
	at org.testng.internal.Invoker.invokeMethod(Invoker.java:646)
	at org.testng.internal.Invoker.invokeTestMethod(Invoker.java:811)
	at org.testng.internal.Invoker.invokeTestMethods(Invoker.java:1129)
	at org.testng.internal.TestMethodWorker.invokeTestMethods(TestMethodWorker.java:129)
	at org.testng.internal.TestMethodWorker.run(TestMethodWorker.java:112)
	at org.testng.TestRunner.privateRun(TestRunner.java:746)
	at org.testng.TestRunner.run(TestRunner.java:600)
	at org.testng.SuiteRunner.runTest(SuiteRunner.java:366)
	at org.testng.SuiteRunner.runSequentially(SuiteRunner.java:361)
	at org.testng.SuiteRunner.privateRun(SuiteRunner.java:319)
	at org.testng.SuiteRunner.run(SuiteRunner.java:268)
	at org.testng.SuiteRunnerWorker.runSuite(SuiteRunnerWorker.java:52)
	at org.testng.SuiteRunnerWorker.run(SuiteRunnerWorker.java:86)
	at org.testng.TestNG.runSuitesSequentially(TestNG.java:1264)
	at org.testng.TestNG.runSuitesLocally(TestNG.java:1189)
	at org.testng.TestNG.runSuites(TestNG.java:1104)
	at org.testng.TestNG.run(TestNG.java:1076)
	at org.testng.remote.AbstractRemoteTestNG.run(AbstractRemoteTestNG.java:126)
	at org.testng.remote.RemoteTestNG.initAndRun(RemoteTestNG.java:152)
	at org.testng.remote.RemoteTestNG.main(RemoteTestNG.java:57)
]]>
    </failure>
  </testcase> <!-- GL_Main_21 -->
  <testcase name="GL_Main_12" time="3.064" classname="com.glance.commonPage.tests.VerifyCommonPageLeftPane"/>
  <testcase name="GL_Main_14" time="6.243" classname="com.glance.commonPage.tests.VerifyCommonPageLeftPane"/>
  <testcase name="GL_Main_15" time="4.131" classname="com.glance.commonPage.tests.VerifyCommonPageLeftPane"/>
  <testcase name="GL_Main_05" time="12.449" classname="com.glance.commonPage.tests.VerifyCommonPageLeftPane"/>
  <testcase name="GL_Main_04" time="2.796" classname="com.glance.commonPage.tests.VerifyCommonPageLeftPane"/>
  <testcase name="GL_Main_7" time="2.568" classname="com.glance.commonPage.tests.VerifyCommonPageLeftPane"/>
  <testcase name="GL_Main_17" time="22.061" classname="com.glance.commonPage.tests.VerifyCommonPageLeftPane"/>
  <testcase name="GL_Main_11" time="3.040" classname="com.glance.commonPage.tests.VerifyCommonPageLeftPane"/>
</testsuite> <!-- com.glance.commonPage.tests.VerifyCommonPageLeftPane -->
